SF:lib/src/model/container/allocation/container_allocation.dart
DA:9,0
DA:15,0
DA:45,0
DA:47,0
DA:49,0
DA:51,0
DA:53,0
DA:55,0
LF:8
LH:0
end_of_record
SF:lib/src/model/container/container.dart
DA:8,0
DA:20,0
DA:21,0
DA:40,0
LF:4
LH:0
end_of_record
SF:lib/src/model/containment/containment.dart
DA:8,0
DA:56,0
DA:57,0
DA:59,0
DA:60,0
DA:62,0
DA:63,0
LF:7
LH:0
end_of_record
SF:lib/src/model/image/image.dart
DA:9,0
DA:19,0
DA:20,0
LF:3
LH:0
end_of_record
SF:lib/src/model/item/item.dart
DA:9,0
DA:17,0
DA:18,0
DA:20,0
DA:21,0
DA:38,0
LF:6
LH:0
end_of_record
SF:lib/src/model/container/allocation/container_span.dart
DA:8,0
DA:36,0
DA:37,0
DA:39,0
DA:40,0
DA:42,0
DA:43,0
DA:48,0
DA:49,0
DA:51,0
DA:52,0
LF:11
LH:0
end_of_record
